
 /----------------------------------------------------------------------------\
 |  yosys -- Yosys Open SYnthesis Suite                                       |
 |  Copyright (C) 2012 - 2024  Claire Xenia Wolf <claire@yosyshq.com>         |
 |  Distributed under an ISC-like license, type "license" to see terms        |
 \----------------------------------------------------------------------------/
 Yosys 0.40+22 (git sha1 fa0c5c1d4, clang++ 14.0.0-1ubuntu1.1 -fPIC -Os)

-- Executing script file `top.ys' --

1. Executing RTLIL frontend.
Input filename: top.il

2. Executing SYNTH_GOWIN pass.

2.1. Executing Verilog-2005 frontend: /usr/local/bin/../share/yosys/gowin/cells_sim.v
Parsing Verilog input from `/usr/local/bin/../share/yosys/gowin/cells_sim.v' to AST representation.
Generating RTLIL representation for module `\LUT1'.
Generating RTLIL representation for module `\LUT2'.
Generating RTLIL representation for module `\LUT3'.
Generating RTLIL representation for module `\LUT4'.
Generating RTLIL representation for module `\__APICULA_LUT5'.
Generating RTLIL representation for module `\__APICULA_LUT6'.
Generating RTLIL representation for module `\__APICULA_LUT7'.
Generating RTLIL representation for module `\__APICULA_LUT8'.
Generating RTLIL representation for module `\MUX2'.
Generating RTLIL representation for module `\MUX2_LUT5'.
Generating RTLIL representation for module `\MUX2_LUT6'.
Generating RTLIL representation for module `\MUX2_LUT7'.
Generating RTLIL representation for module `\MUX2_LUT8'.
Generating RTLIL representation for module `\DFF'.
Generating RTLIL representation for module `\DFFE'.
Generating RTLIL representation for module `\DFFS'.
Generating RTLIL representation for module `\DFFSE'.
Generating RTLIL representation for module `\DFFR'.
Generating RTLIL representation for module `\DFFRE'.
Generating RTLIL representation for module `\DFFP'.
Generating RTLIL representation for module `\DFFPE'.
Generating RTLIL representation for module `\DFFC'.
Generating RTLIL representation for module `\DFFCE'.
Generating RTLIL representation for module `\DFFN'.
Generating RTLIL representation for module `\DFFNE'.
Generating RTLIL representation for module `\DFFNS'.
Generating RTLIL representation for module `\DFFNSE'.
Generating RTLIL representation for module `\DFFNR'.
Generating RTLIL representation for module `\DFFNRE'.
Generating RTLIL representation for module `\DFFNP'.
Generating RTLIL representation for module `\DFFNPE'.
Generating RTLIL representation for module `\DFFNC'.
Generating RTLIL representation for module `\DFFNCE'.
Generating RTLIL representation for module `\VCC'.
Generating RTLIL representation for module `\GND'.
Generating RTLIL representation for module `\IBUF'.
Generating RTLIL representation for module `\OBUF'.
Generating RTLIL representation for module `\TBUF'.
Generating RTLIL representation for module `\IOBUF'.
Generating RTLIL representation for module `\ELVDS_OBUF'.
Generating RTLIL representation for module `\TLVDS_OBUF'.
Generating RTLIL representation for module `\OSER4'.
Generating RTLIL representation for module `\OSER8'.
Generating RTLIL representation for module `\OSER10'.
Generating RTLIL representation for module `\OVIDEO'.
Generating RTLIL representation for module `\OSER16'.
Generating RTLIL representation for module `\IDES4'.
Generating RTLIL representation for module `\IDES8'.
Generating RTLIL representation for module `\IDES10'.
Generating RTLIL representation for module `\IVIDEO'.
Generating RTLIL representation for module `\IDES16'.
Generating RTLIL representation for module `\IDDR'.
Generating RTLIL representation for module `\IDDRC'.
Generating RTLIL representation for module `\ODDR'.
Generating RTLIL representation for module `\ODDRC'.
Generating RTLIL representation for module `\GSR'.
Generating RTLIL representation for module `\ALU'.
Generating RTLIL representation for module `\RAM16S1'.
Generating RTLIL representation for module `\RAM16S2'.
Generating RTLIL representation for module `\RAM16S4'.
Generating RTLIL representation for module `\RAM16SDP1'.
Generating RTLIL representation for module `\RAM16SDP2'.
Generating RTLIL representation for module `\RAM16SDP4'.
Generating RTLIL representation for module `\SP'.
Generating RTLIL representation for module `\SPX9'.
Generating RTLIL representation for module `\SDP'.
Generating RTLIL representation for module `\SDPX9'.
Generating RTLIL representation for module `\DP'.
Generating RTLIL representation for module `\DPX9'.
Generating RTLIL representation for module `\rPLL'.
Generating RTLIL representation for module `\PLLVR'.
Generating RTLIL representation for module `\OSC'.
Generating RTLIL representation for module `\OSCZ'.
Generating RTLIL representation for module `\OSCF'.
Generating RTLIL representation for module `\OSCH'.
Generating RTLIL representation for module `\OSCW'.
Generating RTLIL representation for module `\OSCO'.
Successfully finished Verilog frontend.

2.2. Executing Verilog-2005 frontend: /usr/local/bin/../share/yosys/gowin/cells_xtra.v
Parsing Verilog input from `/usr/local/bin/../share/yosys/gowin/cells_xtra.v' to AST representation.
Generating RTLIL representation for module `\MUX2_MUX8'.
Generating RTLIL representation for module `\MUX2_MUX16'.
Generating RTLIL representation for module `\MUX2_MUX32'.
Generating RTLIL representation for module `\MUX4'.
Generating RTLIL representation for module `\MUX8'.
Generating RTLIL representation for module `\MUX16'.
Generating RTLIL representation for module `\MUX32'.
Generating RTLIL representation for module `\LUT5'.
Generating RTLIL representation for module `\LUT6'.
Generating RTLIL representation for module `\LUT7'.
Generating RTLIL representation for module `\LUT8'.
Generating RTLIL representation for module `\DL'.
Generating RTLIL representation for module `\DLE'.
Generating RTLIL representation for module `\DLC'.
Generating RTLIL representation for module `\DLCE'.
Generating RTLIL representation for module `\DLP'.
Generating RTLIL representation for module `\DLPE'.
Generating RTLIL representation for module `\DLN'.
Generating RTLIL representation for module `\DLNE'.
Generating RTLIL representation for module `\DLNC'.
Generating RTLIL representation for module `\DLNCE'.
Generating RTLIL representation for module `\DLNP'.
Generating RTLIL representation for module `\DLNPE'.
Generating RTLIL representation for module `\INV'.
Generating RTLIL representation for module `\IODELAY'.
Generating RTLIL representation for module `\IEM'.
Generating RTLIL representation for module `\ROM16'.
Generating RTLIL representation for module `\ROM'.
Generating RTLIL representation for module `\ROMX9'.
Generating RTLIL representation for module `\rSDP'.
Generating RTLIL representation for module `\rSDPX9'.
Generating RTLIL representation for module `\rROM'.
Generating RTLIL representation for module `\rROMX9'.
Generating RTLIL representation for module `\pROM'.
Generating RTLIL representation for module `\pROMX9'.
Generating RTLIL representation for module `\SDPB'.
Generating RTLIL representation for module `\SDPX9B'.
Generating RTLIL representation for module `\DPB'.
Generating RTLIL representation for module `\DPX9B'.
Generating RTLIL representation for module `\PADD18'.
Generating RTLIL representation for module `\PADD9'.
Generating RTLIL representation for module `\MULT9X9'.
Generating RTLIL representation for module `\MULT18X18'.
Generating RTLIL representation for module `\MULT36X36'.
Generating RTLIL representation for module `\MULTALU36X18'.
Generating RTLIL representation for module `\MULTADDALU18X18'.
Generating RTLIL representation for module `\MULTALU18X18'.
Generating RTLIL representation for module `\ALU54D'.
Generating RTLIL representation for module `\BUFG'.
Generating RTLIL representation for module `\BUFS'.
Generating RTLIL representation for module `\PLL'.
Generating RTLIL representation for module `\TLVDS_IBUF'.
Generating RTLIL representation for module `\TLVDS_TBUF'.
Generating RTLIL representation for module `\TLVDS_IOBUF'.
Generating RTLIL representation for module `\ELVDS_IBUF'.
Generating RTLIL representation for module `\ELVDS_TBUF'.
Generating RTLIL representation for module `\ELVDS_IOBUF'.
Generating RTLIL representation for module `\MIPI_IBUF'.
Generating RTLIL representation for module `\MIPI_IBUF_HS'.
Generating RTLIL representation for module `\MIPI_IBUF_LP'.
Generating RTLIL representation for module `\MIPI_OBUF'.
Generating RTLIL representation for module `\MIPI_OBUF_A'.
Generating RTLIL representation for module `\I3C_IOBUF'.
Generating RTLIL representation for module `\CLKDIV'.
Generating RTLIL representation for module `\DHCEN'.
Generating RTLIL representation for module `\DLL'.
Generating RTLIL representation for module `\DLLDLY'.
Generating RTLIL representation for module `\FLASH96K'.
Generating RTLIL representation for module `\FLASH256K'.
Generating RTLIL representation for module `\FLASH608K'.
Generating RTLIL representation for module `\DCS'.
Generating RTLIL representation for module `\DQCE'.
Generating RTLIL representation for module `\FLASH128K'.
Generating RTLIL representation for module `\MCU'.
Generating RTLIL representation for module `\USB20_PHY'.
Generating RTLIL representation for module `\ADC'.
Generating RTLIL representation for module `\BANDGAP'.
Generating RTLIL representation for module `\CLKDIV2'.
Generating RTLIL representation for module `\DCC'.
Generating RTLIL representation for module `\DHCENC'.
Generating RTLIL representation for module `\EMCU'.
Generating RTLIL representation for module `\FLASH64K'.
Generating RTLIL representation for module `\FLASH64KZ'.
Generating RTLIL representation for module `\I3C'.
Generating RTLIL representation for module `\IODELAYA'.
Generating RTLIL representation for module `\IODELAYC'.
Generating RTLIL representation for module `\SPMI'.
Generating RTLIL representation for module `\IODELAYB'.
Generating RTLIL representation for module `\PLLO'.
Generating RTLIL representation for module `\DCCG'.
Generating RTLIL representation for module `\FLASH96KA'.
Generating RTLIL representation for module `\MIPI_DPHY_RX'.
Generating RTLIL representation for module `\CLKDIVG'.
Successfully finished Verilog frontend.

2.3. Executing HIERARCHY pass (managing design hierarchy).

2.3.1. Analyzing design hierarchy..
Top module:  \top
Used module:     \top.pin_led_0
Used module:         \top.pin_led_0.buf
Used module:             \top.pin_led_0.buf.buf
Used module:     \top.cd_sync
Used module:         \top.cd_sync.reset_sync
Used module:         \top.cd_sync.clk_buf
Used module:             \top.cd_sync.clk_buf.buf

2.3.2. Analyzing design hierarchy..
Top module:  \top
Used module:     \top.pin_led_0
Used module:         \top.pin_led_0.buf
Used module:             \top.pin_led_0.buf.buf
Used module:     \top.cd_sync
Used module:         \top.cd_sync.reset_sync
Used module:         \top.cd_sync.clk_buf
Used module:             \top.cd_sync.clk_buf.buf
Removed 0 unused modules.

2.4. Executing PROC pass (convert processes to netlists).

2.4.1. Executing PROC_CLEAN pass (remove empty switches from decision trees).
Found and cleaned up 1 empty switch in `\ALU.$proc$/usr/local/bin/../share/yosys/gowin/cells_sim.v:913$226'.
Cleaned up 1 empty switch.

2.4.2. Executing PROC_RMDEAD pass (remove dead branches from decision trees).
Marked 1 switch rules as full_case in process $proc$/usr/local/bin/../share/yosys/gowin/cells_sim.v:1070$286 in module RAM16S4.
Marked 1 switch rules as full_case in process $proc$/usr/local/bin/../share/yosys/gowin/cells_sim.v:1025$250 in module RAM16S2.
Marked 1 switch rules as full_case in process $proc$/usr/local/bin/../share/yosys/gowin/cells_sim.v:987$231 in module RAM16S1.
Marked 1 switch rules as full_case in process $proc$/usr/local/bin/../share/yosys/gowin/cells_sim.v:535$222 in module DFFNCE.
Marked 1 switch rules as full_case in process $proc$/usr/local/bin/../share/yosys/gowin/cells_sim.v:515$220 in module DFFNC.
Marked 1 switch rules as full_case in process $proc$/usr/local/bin/../share/yosys/gowin/cells_sim.v:496$218 in module DFFNPE.
Marked 1 switch rules as full_case in process $proc$/usr/local/bin/../share/yosys/gowin/cells_sim.v:476$216 in module DFFNP.
Marked 1 switch rules as full_case in process $proc$/usr/local/bin/../share/yosys/gowin/cells_sim.v:457$214 in module DFFNRE.
Marked 1 switch rules as full_case in process $proc$/usr/local/bin/../share/yosys/gowin/cells_sim.v:437$212 in module DFFNR.
Marked 1 switch rules as full_case in process $proc$/usr/local/bin/../share/yosys/gowin/cells_sim.v:418$210 in module DFFNSE.
Marked 1 switch rules as full_case in process $proc$/usr/local/bin/../share/yosys/gowin/cells_sim.v:398$208 in module DFFNS.
Marked 1 switch rules as full_case in process $proc$/usr/local/bin/../share/yosys/gowin/cells_sim.v:348$202 in module DFFCE.
Marked 1 switch rules as full_case in process $proc$/usr/local/bin/../share/yosys/gowin/cells_sim.v:328$200 in module DFFC.
Marked 1 switch rules as full_case in process $proc$/usr/local/bin/../share/yosys/gowin/cells_sim.v:309$198 in module DFFPE.
Marked 1 switch rules as full_case in process $proc$/usr/local/bin/../share/yosys/gowin/cells_sim.v:289$196 in module DFFP.
Marked 1 switch rules as full_case in process $proc$/usr/local/bin/../share/yosys/gowin/cells_sim.v:270$194 in module DFFRE.
Marked 1 switch rules as full_case in process $proc$/usr/local/bin/../share/yosys/gowin/cells_sim.v:250$192 in module DFFR.
Marked 1 switch rules as full_case in process $proc$/usr/local/bin/../share/yosys/gowin/cells_sim.v:231$190 in module DFFSE.
Marked 1 switch rules as full_case in process $proc$/usr/local/bin/../share/yosys/gowin/cells_sim.v:211$188 in module DFFS.
Removed a total of 0 dead cases.

2.4.3. Executing PROC_PRUNE pass (remove redundant assignments in processes).
Removed 9 redundant assignments.
Promoted 54 assignments to connections.

2.4.4. Executing PROC_INIT pass (extract init attributes).
Found init rule in `\RAM16S4.$proc$/usr/local/bin/../share/yosys/gowin/cells_sim.v:0$331'.
  Set init value: \mem0 = 16'0000000000000000
  Set init value: \mem1 = 16'0000000000000000
  Set init value: \mem2 = 16'0000000000000000
  Set init value: \mem3 = 16'0000000000000000
Found init rule in `\RAM16S2.$proc$/usr/local/bin/../share/yosys/gowin/cells_sim.v:0$273'.
  Set init value: \mem0 = 16'0000000000000000
  Set init value: \mem1 = 16'0000000000000000
Found init rule in `\RAM16S1.$proc$/usr/local/bin/../share/yosys/gowin/cells_sim.v:0$243'.
  Set init value: \mem = 16'0000000000000000
Found init rule in `\DFFNCE.$proc$/usr/local/bin/../share/yosys/gowin/cells_sim.v:0$223'.
  Set init value: \Q = 1'0
Found init rule in `\DFFNC.$proc$/usr/local/bin/../share/yosys/gowin/cells_sim.v:0$221'.
  Set init value: \Q = 1'0
Found init rule in `\DFFNPE.$proc$/usr/local/bin/../share/yosys/gowin/cells_sim.v:0$219'.
  Set init value: \Q = 1'1
Found init rule in `\DFFNP.$proc$/usr/local/bin/../share/yosys/gowin/cells_sim.v:0$217'.
  Set init value: \Q = 1'1
Found init rule in `\DFFNRE.$proc$/usr/local/bin/../share/yosys/gowin/cells_sim.v:0$215'.
  Set init value: \Q = 1'0
Found init rule in `\DFFNR.$proc$/usr/local/bin/../share/yosys/gowin/cells_sim.v:0$213'.
  Set init value: \Q = 1'0
Found init rule in `\DFFNSE.$proc$/usr/local/bin/../share/yosys/gowin/cells_sim.v:0$211'.
  Set init value: \Q = 1'1
Found init rule in `\DFFNS.$proc$/usr/local/bin/../share/yosys/gowin/cells_sim.v:0$209'.
  Set init value: \Q = 1'1
Found init rule in `\DFFNE.$proc$/usr/local/bin/../share/yosys/gowin/cells_sim.v:0$207'.
  Set init value: \Q = 1'0
Found init rule in `\DFFN.$proc$/usr/local/bin/../share/yosys/gowin/cells_sim.v:0$205'.
  Set init value: \Q = 1'0
Found init rule in `\DFFCE.$proc$/usr/local/bin/../share/yosys/gowin/cells_sim.v:0$203'.
  Set init value: \Q = 1'0
Found init rule in `\DFFC.$proc$/usr/local/bin/../share/yosys/gowin/cells_sim.v:0$201'.
  Set init value: \Q = 1'0
Found init rule in `\DFFPE.$proc$/usr/local/bin/../share/yosys/gowin/cells_sim.v:0$199'.
  Set init value: \Q = 1'1
Found init rule in `\DFFP.$proc$/usr/local/bin/../share/yosys/gowin/cells_sim.v:0$197'.
  Set init value: \Q = 1'1
Found init rule in `\DFFRE.$proc$/usr/local/bin/../share/yosys/gowin/cells_sim.v:0$195'.
  Set init value: \Q = 1'0
Found init rule in `\DFFR.$proc$/usr/local/bin/../share/yosys/gowin/cells_sim.v:0$193'.
  Set init value: \Q = 1'0
Found init rule in `\DFFSE.$proc$/usr/local/bin/../share/yosys/gowin/cells_sim.v:0$191'.
  Set init value: \Q = 1'1
Found init rule in `\DFFS.$proc$/usr/local/bin/../share/yosys/gowin/cells_sim.v:0$189'.
  Set init value: \Q = 1'1
Found init rule in `\DFFE.$proc$/usr/local/bin/../share/yosys/gowin/cells_sim.v:0$187'.
  Set init value: \Q = 1'0
Found init rule in `\DFF.$proc$/usr/local/bin/../share/yosys/gowin/cells_sim.v:0$185'.
  Set init value: \Q = 1'0

2.4.5. Executing PROC_ARST pass (detect async resets in processes).
Found async reset \CLEAR in `\DFFNCE.$proc$/usr/local/bin/../share/yosys/gowin/cells_sim.v:535$222'.
Found async reset \CLEAR in `\DFFNC.$proc$/usr/local/bin/../share/yosys/gowin/cells_sim.v:515$220'.
Found async reset \PRESET in `\DFFNPE.$proc$/usr/local/bin/../share/yosys/gowin/cells_sim.v:496$218'.
Found async reset \PRESET in `\DFFNP.$proc$/usr/local/bin/../share/yosys/gowin/cells_sim.v:476$216'.
Found async reset \CLEAR in `\DFFCE.$proc$/usr/local/bin/../share/yosys/gowin/cells_sim.v:348$202'.
Found async reset \CLEAR in `\DFFC.$proc$/usr/local/bin/../share/yosys/gowin/cells_sim.v:328$200'.
Found async reset \PRESET in `\DFFPE.$proc$/usr/local/bin/../share/yosys/gowin/cells_sim.v:309$198'.
Found async reset \PRESET in `\DFFP.$proc$/usr/local/bin/../share/yosys/gowin/cells_sim.v:289$196'.

2.4.6. Executing PROC_ROM pass (convert switches to ROMs).
Converted 0 switches.
<suppressed ~25 debug messages>

2.4.7. Executing PROC_MUX pass (convert decision trees to multiplexers).
Creating decoders for process `\RAM16S4.$proc$/usr/local/bin/../share/yosys/gowin/cells_sim.v:0$331'.
Creating decoders for process `\RAM16S4.$proc$/usr/local/bin/../share/yosys/gowin/cells_sim.v:1070$286'.
     1/8: $1$lookahead\mem3$285[15:0]$302
     2/8: $1$bitselwrite$pos$/usr/local/bin/../share/yosys/gowin/cells_sim.v:1075$277[3:0]$298
     3/8: $1$lookahead\mem2$284[15:0]$301
     4/8: $1$bitselwrite$pos$/usr/local/bin/../share/yosys/gowin/cells_sim.v:1074$276[3:0]$297
     5/8: $1$lookahead\mem1$283[15:0]$300
     6/8: $1$bitselwrite$pos$/usr/local/bin/../share/yosys/gowin/cells_sim.v:1073$275[3:0]$296
     7/8: $1$lookahead\mem0$282[15:0]$299
     8/8: $1$bitselwrite$pos$/usr/local/bin/../share/yosys/gowin/cells_sim.v:1072$274[3:0]$295
Creating decoders for process `\RAM16S2.$proc$/usr/local/bin/../share/yosys/gowin/cells_sim.v:0$273'.
Creating decoders for process `\RAM16S2.$proc$/usr/local/bin/../share/yosys/gowin/cells_sim.v:1025$250'.
     1/4: $1$lookahead\mem1$249[15:0]$258
     2/4: $1$bitselwrite$pos$/usr/local/bin/../share/yosys/gowin/cells_sim.v:1028$245[3:0]$256
     3/4: $1$lookahead\mem0$248[15:0]$257
     4/4: $1$bitselwrite$pos$/usr/local/bin/../share/yosys/gowin/cells_sim.v:1027$244[3:0]$255
Creating decoders for process `\RAM16S1.$proc$/usr/local/bin/../share/yosys/gowin/cells_sim.v:0$243'.
Creating decoders for process `\RAM16S1.$proc$/usr/local/bin/../share/yosys/gowin/cells_sim.v:987$231'.
     1/2: $1$lookahead\mem$230[15:0]$235
     2/2: $1$bitselwrite$pos$/usr/local/bin/../share/yosys/gowin/cells_sim.v:989$228[3:0]$234
Creating decoders for process `\ALU.$proc$/usr/local/bin/../share/yosys/gowin/cells_sim.v:913$226'.
Creating decoders for process `\DFFNCE.$proc$/usr/local/bin/../share/yosys/gowin/cells_sim.v:0$223'.
Creating decoders for process `\DFFNCE.$proc$/usr/local/bin/../share/yosys/gowin/cells_sim.v:535$222'.
     1/1: $0\Q[0:0]
Creating decoders for process `\DFFNC.$proc$/usr/local/bin/../share/yosys/gowin/cells_sim.v:0$221'.
Creating decoders for process `\DFFNC.$proc$/usr/local/bin/../share/yosys/gowin/cells_sim.v:515$220'.
     1/1: $0\Q[0:0]
Creating decoders for process `\DFFNPE.$proc$/usr/local/bin/../share/yosys/gowin/cells_sim.v:0$219'.
Creating decoders for process `\DFFNPE.$proc$/usr/local/bin/../share/yosys/gowin/cells_sim.v:496$218'.
     1/1: $0\Q[0:0]
Creating decoders for process `\DFFNP.$proc$/usr/local/bin/../share/yosys/gowin/cells_sim.v:0$217'.
Creating decoders for process `\DFFNP.$proc$/usr/local/bin/../share/yosys/gowin/cells_sim.v:476$216'.
     1/1: $0\Q[0:0]
Creating decoders for process `\DFFNRE.$proc$/usr/local/bin/../share/yosys/gowin/cells_sim.v:0$215'.
Creating decoders for process `\DFFNRE.$proc$/usr/local/bin/../share/yosys/gowin/cells_sim.v:457$214'.
     1/1: $0\Q[0:0]
Creating decoders for process `\DFFNR.$proc$/usr/local/bin/../share/yosys/gowin/cells_sim.v:0$213'.
Creating decoders for process `\DFFNR.$proc$/usr/local/bin/../share/yosys/gowin/cells_sim.v:437$212'.
     1/1: $0\Q[0:0]
Creating decoders for process `\DFFNSE.$proc$/usr/local/bin/../share/yosys/gowin/cells_sim.v:0$211'.
Creating decoders for process `\DFFNSE.$proc$/usr/local/bin/../share/yosys/gowin/cells_sim.v:418$210'.
     1/1: $0\Q[0:0]
Creating decoders for process `\DFFNS.$proc$/usr/local/bin/../share/yosys/gowin/cells_sim.v:0$209'.
Creating decoders for process `\DFFNS.$proc$/usr/local/bin/../share/yosys/gowin/cells_sim.v:398$208'.
     1/1: $0\Q[0:0]
Creating decoders for process `\DFFNE.$proc$/usr/local/bin/../share/yosys/gowin/cells_sim.v:0$207'.
Creating decoders for process `\DFFNE.$proc$/usr/local/bin/../share/yosys/gowin/cells_sim.v:381$206'.
     1/1: $0\Q[0:0]
Creating decoders for process `\DFFN.$proc$/usr/local/bin/../share/yosys/gowin/cells_sim.v:0$205'.
Creating decoders for process `\DFFN.$proc$/usr/local/bin/../share/yosys/gowin/cells_sim.v:366$204'.
Creating decoders for process `\DFFCE.$proc$/usr/local/bin/../share/yosys/gowin/cells_sim.v:0$203'.
Creating decoders for process `\DFFCE.$proc$/usr/local/bin/../share/yosys/gowin/cells_sim.v:348$202'.
     1/1: $0\Q[0:0]
Creating decoders for process `\DFFC.$proc$/usr/local/bin/../share/yosys/gowin/cells_sim.v:0$201'.
Creating decoders for process `\DFFC.$proc$/usr/local/bin/../share/yosys/gowin/cells_sim.v:328$200'.
     1/1: $0\Q[0:0]
Creating decoders for process `\DFFPE.$proc$/usr/local/bin/../share/yosys/gowin/cells_sim.v:0$199'.
Creating decoders for process `\DFFPE.$proc$/usr/local/bin/../share/yosys/gowin/cells_sim.v:309$198'.
     1/1: $0\Q[0:0]
Creating decoders for process `\DFFP.$proc$/usr/local/bin/../share/yosys/gowin/cells_sim.v:0$197'.
Creating decoders for process `\DFFP.$proc$/usr/local/bin/../share/yosys/gowin/cells_sim.v:289$196'.
     1/1: $0\Q[0:0]
Creating decoders for process `\DFFRE.$proc$/usr/local/bin/../share/yosys/gowin/cells_sim.v:0$195'.
Creating decoders for process `\DFFRE.$proc$/usr/local/bin/../share/yosys/gowin/cells_sim.v:270$194'.
     1/1: $0\Q[0:0]
Creating decoders for process `\DFFR.$proc$/usr/local/bin/../share/yosys/gowin/cells_sim.v:0$193'.
Creating decoders for process `\DFFR.$proc$/usr/local/bin/../share/yosys/gowin/cells_sim.v:250$192'.
     1/1: $0\Q[0:0]
Creating decoders for process `\DFFSE.$proc$/usr/local/bin/../share/yosys/gowin/cells_sim.v:0$191'.
Creating decoders for process `\DFFSE.$proc$/usr/local/bin/../share/yosys/gowin/cells_sim.v:231$190'.
     1/1: $0\Q[0:0]
Creating decoders for process `\DFFS.$proc$/usr/local/bin/../share/yosys/gowin/cells_sim.v:0$189'.
Creating decoders for process `\DFFS.$proc$/usr/local/bin/../share/yosys/gowin/cells_sim.v:211$188'.
     1/1: $0\Q[0:0]
Creating decoders for process `\DFFE.$proc$/usr/local/bin/../share/yosys/gowin/cells_sim.v:0$187'.
Creating decoders for process `\DFFE.$proc$/usr/local/bin/../share/yosys/gowin/cells_sim.v:194$186'.
     1/1: $0\Q[0:0]
Creating decoders for process `\DFF.$proc$/usr/local/bin/../share/yosys/gowin/cells_sim.v:0$185'.
Creating decoders for process `\DFF.$proc$/usr/local/bin/../share/yosys/gowin/cells_sim.v:179$184'.
Creating decoders for process `\top.$11'.
     1/1: $5
Creating decoders for process `\top.$9'.
     1/1: $4

2.4.8. Executing PROC_DLATCH pass (convert process syncs to latches).

2.4.9. Executing PROC_DFF pass (convert process syncs to FFs).
Creating register for signal `\RAM16S4.\mem0' using process `\RAM16S4.$proc$/usr/local/bin/../share/yosys/gowin/cells_sim.v:1070$286'.
  created $dff cell `$procdff$433' with positive edge clock.
Creating register for signal `\RAM16S4.\mem1' using process `\RAM16S4.$proc$/usr/local/bin/../share/yosys/gowin/cells_sim.v:1070$286'.
  created $dff cell `$procdff$434' with positive edge clock.
Creating register for signal `\RAM16S4.\mem2' using process `\RAM16S4.$proc$/usr/local/bin/../share/yosys/gowin/cells_sim.v:1070$286'.
  created $dff cell `$procdff$435' with positive edge clock.
Creating register for signal `\RAM16S4.\mem3' using process `\RAM16S4.$proc$/usr/local/bin/../share/yosys/gowin/cells_sim.v:1070$286'.
  created $dff cell `$procdff$436' with positive edge clock.
Creating register for signal `\RAM16S4.$bitselwrite$pos$/usr/local/bin/../share/yosys/gowin/cells_sim.v:1072$274' using process `\RAM16S4.$proc$/usr/local/bin/../share/yosys/gowin/cells_sim.v:1070$286'.
  created $dff cell `$procdff$437' with positive edge clock.
Creating register for signal `\RAM16S4.$bitselwrite$pos$/usr/local/bin/../share/yosys/gowin/cells_sim.v:1073$275' using process `\RAM16S4.$proc$/usr/local/bin/../share/yosys/gowin/cells_sim.v:1070$286'.
  created $dff cell `$procdff$438' with positive edge clock.
Creating register for signal `\RAM16S4.$bitselwrite$pos$/usr/local/bin/../share/yosys/gowin/cells_sim.v:1074$276' using process `\RAM16S4.$proc$/usr/local/bin/../share/yosys/gowin/cells_sim.v:1070$286'.
  created $dff cell `$procdff$439' with positive edge clock.
Creating register for signal `\RAM16S4.$bitselwrite$pos$/usr/local/bin/../share/yosys/gowin/cells_sim.v:1075$277' using process `\RAM16S4.$proc$/usr/local/bin/../share/yosys/gowin/cells_sim.v:1070$286'.
  created $dff cell `$procdff$440' with positive edge clock.
Creating register for signal `\RAM16S4.$lookahead\mem0$282' using process `\RAM16S4.$proc$/usr/local/bin/../share/yosys/gowin/cells_sim.v:1070$286'.
  created $dff cell `$procdff$441' with positive edge clock.
Creating register for signal `\RAM16S4.$lookahead\mem1$283' using process `\RAM16S4.$proc$/usr/local/bin/../share/yosys/gowin/cells_sim.v:1070$286'.
  created $dff cell `$procdff$442' with positive edge clock.
Creating register for signal `\RAM16S4.$lookahead\mem2$284' using process `\RAM16S4.$proc$/usr/local/bin/../share/yosys/gowin/cells_sim.v:1070$286'.
  created $dff cell `$procdff$443' with positive edge clock.
Creating register for signal `\RAM16S4.$lookahead\mem3$285' using process `\RAM16S4.$proc$/usr/local/bin/../share/yosys/gowin/cells_sim.v:1070$286'.
  created $dff cell `$procdff$444' with positive edge clock.
Creating register for signal `\RAM16S2.\mem0' using process `\RAM16S2.$proc$/usr/local/bin/../share/yosys/gowin/cells_sim.v:1025$250'.
  created $dff cell `$procdff$445' with positive edge clock.
Creating register for signal `\RAM16S2.\mem1' using process `\RAM16S2.$proc$/usr/local/bin/../share/yosys/gowin/cells_sim.v:1025$250'.
  created $dff cell `$procdff$446' with positive edge clock.
Creating register for signal `\RAM16S2.$bitselwrite$pos$/usr/local/bin/../share/yosys/gowin/cells_sim.v:1027$244' using process `\RAM16S2.$proc$/usr/local/bin/../share/yosys/gowin/cells_sim.v:1025$250'.
  created $dff cell `$procdff$447' with positive edge clock.
Creating register for signal `\RAM16S2.$bitselwrite$pos$/usr/local/bin/../share/yosys/gowin/cells_sim.v:1028$245' using process `\RAM16S2.$proc$/usr/local/bin/../share/yosys/gowin/cells_sim.v:1025$250'.
  created $dff cell `$procdff$448' with positive edge clock.
Creating register for signal `\RAM16S2.$lookahead\mem0$248' using process `\RAM16S2.$proc$/usr/local/bin/../share/yosys/gowin/cells_sim.v:1025$250'.
  created $dff cell `$procdff$449' with positive edge clock.
Creating register for signal `\RAM16S2.$lookahead\mem1$249' using process `\RAM16S2.$proc$/usr/local/bin/../share/yosys/gowin/cells_sim.v:1025$250'.
  created $dff cell `$procdff$450' with positive edge clock.
Creating register for signal `\RAM16S1.\mem' using process `\RAM16S1.$proc$/usr/local/bin/../share/yosys/gowin/cells_sim.v:987$231'.
  created $dff cell `$procdff$451' with positive edge clock.
Creating register for signal `\RAM16S1.$bitselwrite$pos$/usr/local/bin/../share/yosys/gowin/cells_sim.v:989$228' using process `\RAM16S1.$proc$/usr/local/bin/../share/yosys/gowin/cells_sim.v:987$231'.
  created $dff cell `$procdff$452' with positive edge clock.
Creating register for signal `\RAM16S1.$lookahead\mem$230' using process `\RAM16S1.$proc$/usr/local/bin/../share/yosys/gowin/cells_sim.v:987$231'.
  created $dff cell `$procdff$453' with positive edge clock.
Creating register for signal `\ALU.\C' using process `\ALU.$proc$/usr/local/bin/../share/yosys/gowin/cells_sim.v:913$226'.
  created direct connection (no actual register cell created).
Creating register for signal `\ALU.\S' using process `\ALU.$proc$/usr/local/bin/../share/yosys/gowin/cells_sim.v:913$226'.
  created direct connection (no actual register cell created).
Creating register for signal `\DFFNCE.\Q' using process `\DFFNCE.$proc$/usr/local/bin/../share/yosys/gowin/cells_sim.v:535$222'.
  created $adff cell `$procdff$454' with negative edge clock and positive level reset.
Creating register for signal `\DFFNC.\Q' using process `\DFFNC.$proc$/usr/local/bin/../share/yosys/gowin/cells_sim.v:515$220'.
  created $adff cell `$procdff$455' with negative edge clock and positive level reset.
Creating register for signal `\DFFNPE.\Q' using process `\DFFNPE.$proc$/usr/local/bin/../share/yosys/gowin/cells_sim.v:496$218'.
  created $adff cell `$procdff$456' with negative edge clock and positive level reset.
Creating register for signal `\DFFNP.\Q' using process `\DFFNP.$proc$/usr/local/bin/../share/yosys/gowin/cells_sim.v:476$216'.
  created $adff cell `$procdff$457' with negative edge clock and positive level reset.
Creating register for signal `\DFFNRE.\Q' using process `\DFFNRE.$proc$/usr/local/bin/../share/yosys/gowin/cells_sim.v:457$214'.
  created $dff cell `$procdff$458' with negative edge clock.
Creating register for signal `\DFFNR.\Q' using process `\DFFNR.$proc$/usr/local/bin/../share/yosys/gowin/cells_sim.v:437$212'.
  created $dff cell `$procdff$459' with negative edge clock.
Creating register for signal `\DFFNSE.\Q' using process `\DFFNSE.$proc$/usr/local/bin/../share/yosys/gowin/cells_sim.v:418$210'.
  created $dff cell `$procdff$460' with negative edge clock.
Creating register for signal `\DFFNS.\Q' using process `\DFFNS.$proc$/usr/local/bin/../share/yosys/gowin/cells_sim.v:398$208'.
  created $dff cell `$procdff$461' with negative edge clock.
Creating register for signal `\DFFNE.\Q' using process `\DFFNE.$proc$/usr/local/bin/../share/yosys/gowin/cells_sim.v:381$206'.
  created $dff cell `$procdff$462' with negative edge clock.
Creating register for signal `\DFFN.\Q' using process `\DFFN.$proc$/usr/local/bin/../share/yosys/gowin/cells_sim.v:366$204'.
  created $dff cell `$procdff$463' with negative edge clock.
Creating register for signal `\DFFCE.\Q' using process `\DFFCE.$proc$/usr/local/bin/../share/yosys/gowin/cells_sim.v:348$202'.
  created $adff cell `$procdff$464' with positive edge clock and positive level reset.
Creating register for signal `\DFFC.\Q' using process `\DFFC.$proc$/usr/local/bin/../share/yosys/gowin/cells_sim.v:328$200'.
  created $adff cell `$procdff$465' with positive edge clock and positive level reset.
Creating register for signal `\DFFPE.\Q' using process `\DFFPE.$proc$/usr/local/bin/../share/yosys/gowin/cells_sim.v:309$198'.
  created $adff cell `$procdff$466' with positive edge clock and positive level reset.
Creating register for signal `\DFFP.\Q' using process `\DFFP.$proc$/usr/local/bin/../share/yosys/gowin/cells_sim.v:289$196'.
  created $adff cell `$procdff$467' with positive edge clock and positive level reset.
Creating register for signal `\DFFRE.\Q' using process `\DFFRE.$proc$/usr/local/bin/../share/yosys/gowin/cells_sim.v:270$194'.
  created $dff cell `$procdff$468' with positive edge clock.
Creating register for signal `\DFFR.\Q' using process `\DFFR.$proc$/usr/local/bin/../share/yosys/gowin/cells_sim.v:250$192'.
  created $dff cell `$procdff$469' with positive edge clock.
Creating register for signal `\DFFSE.\Q' using process `\DFFSE.$proc$/usr/local/bin/../share/yosys/gowin/cells_sim.v:231$190'.
  created $dff cell `$procdff$470' with positive edge clock.
Creating register for signal `\DFFS.\Q' using process `\DFFS.$proc$/usr/local/bin/../share/yosys/gowin/cells_sim.v:211$188'.
  created $dff cell `$procdff$471' with positive edge clock.
Creating register for signal `\DFFE.\Q' using process `\DFFE.$proc$/usr/local/bin/../share/yosys/gowin/cells_sim.v:194$186'.
  created $dff cell `$procdff$472' with positive edge clock.
Creating register for signal `\DFF.\Q' using process `\DFF.$proc$/usr/local/bin/../share/yosys/gowin/cells_sim.v:179$184'.
  created $dff cell `$procdff$473' with positive edge clock.

2.4.10. Executing PROC_MEMWR pass (convert process memory writes to cells).

2.4.11. Executing PROC_CLEAN pass (remove empty switches from decision trees).
Removing empty process `RAM16S4.$proc$/usr/local/bin/../share/yosys/gowin/cells_sim.v:0$331'.
Found and cleaned up 1 empty switch in `\RAM16S4.$proc$/usr/local/bin/../share/yosys/gowin/cells_sim.v:1070$286'.
Removing empty process `RAM16S4.$proc$/usr/local/bin/../share/yosys/gowin/cells_sim.v:1070$286'.
Removing empty process `RAM16S2.$proc$/usr/local/bin/../share/yosys/gowin/cells_sim.v:0$273'.
Found and cleaned up 1 empty switch in `\RAM16S2.$proc$/usr/local/bin/../share/yosys/gowin/cells_sim.v:1025$250'.
Removing empty process `RAM16S2.$proc$/usr/local/bin/../share/yosys/gowin/cells_sim.v:1025$250'.
Removing empty process `RAM16S1.$proc$/usr/local/bin/../share/yosys/gowin/cells_sim.v:0$243'.
Found and cleaned up 1 empty switch in `\RAM16S1.$proc$/usr/local/bin/../share/yosys/gowin/cells_sim.v:987$231'.
Removing empty process `RAM16S1.$proc$/usr/local/bin/../share/yosys/gowin/cells_sim.v:987$231'.
Removing empty process `ALU.$proc$/usr/local/bin/../share/yosys/gowin/cells_sim.v:913$226'.
Removing empty process `DFFNCE.$proc$/usr/local/bin/../share/yosys/gowin/cells_sim.v:0$223'.
Found and cleaned up 1 empty switch in `\DFFNCE.$proc$/usr/local/bin/../share/yosys/gowin/cells_sim.v:535$222'.
Removing empty process `DFFNCE.$proc$/usr/local/bin/../share/yosys/gowin/cells_sim.v:535$222'.
Removing empty process `DFFNC.$proc$/usr/local/bin/../share/yosys/gowin/cells_sim.v:0$221'.
Removing empty process `DFFNC.$proc$/usr/local/bin/../share/yosys/gowin/cells_sim.v:515$220'.
Removing empty process `DFFNPE.$proc$/usr/local/bin/../share/yosys/gowin/cells_sim.v:0$219'.
Found and cleaned up 1 empty switch in `\DFFNPE.$proc$/usr/local/bin/../share/yosys/gowin/cells_sim.v:496$218'.
Removing empty process `DFFNPE.$proc$/usr/local/bin/../share/yosys/gowin/cells_sim.v:496$218'.
Removing empty process `DFFNP.$proc$/usr/local/bin/../share/yosys/gowin/cells_sim.v:0$217'.
Removing empty process `DFFNP.$proc$/usr/local/bin/../share/yosys/gowin/cells_sim.v:476$216'.
Removing empty process `DFFNRE.$proc$/usr/local/bin/../share/yosys/gowin/cells_sim.v:0$215'.
Found and cleaned up 2 empty switches in `\DFFNRE.$proc$/usr/local/bin/../share/yosys/gowin/cells_sim.v:457$214'.
Removing empty process `DFFNRE.$proc$/usr/local/bin/../share/yosys/gowin/cells_sim.v:457$214'.
Removing empty process `DFFNR.$proc$/usr/local/bin/../share/yosys/gowin/cells_sim.v:0$213'.
Found and cleaned up 1 empty switch in `\DFFNR.$proc$/usr/local/bin/../share/yosys/gowin/cells_sim.v:437$212'.
Removing empty process `DFFNR.$proc$/usr/local/bin/../share/yosys/gowin/cells_sim.v:437$212'.
Removing empty process `DFFNSE.$proc$/usr/local/bin/../share/yosys/gowin/cells_sim.v:0$211'.
Found and cleaned up 2 empty switches in `\DFFNSE.$proc$/usr/local/bin/../share/yosys/gowin/cells_sim.v:418$210'.
Removing empty process `DFFNSE.$proc$/usr/local/bin/../share/yosys/gowin/cells_sim.v:418$210'.
Removing empty process `DFFNS.$proc$/usr/local/bin/../share/yosys/gowin/cells_sim.v:0$209'.
Found and cleaned up 1 empty switch in `\DFFNS.$proc$/usr/local/bin/../share/yosys/gowin/cells_sim.v:398$208'.
Removing empty process `DFFNS.$proc$/usr/local/bin/../share/yosys/gowin/cells_sim.v:398$208'.
Removing empty process `DFFNE.$proc$/usr/local/bin/../share/yosys/gowin/cells_sim.v:0$207'.
Found and cleaned up 1 empty switch in `\DFFNE.$proc$/usr/local/bin/../share/yosys/gowin/cells_sim.v:381$206'.
Removing empty process `DFFNE.$proc$/usr/local/bin/../share/yosys/gowin/cells_sim.v:381$206'.
Removing empty process `DFFN.$proc$/usr/local/bin/../share/yosys/gowin/cells_sim.v:0$205'.
Removing empty process `DFFN.$proc$/usr/local/bin/../share/yosys/gowin/cells_sim.v:366$204'.
Removing empty process `DFFCE.$proc$/usr/local/bin/../share/yosys/gowin/cells_sim.v:0$203'.
Found and cleaned up 1 empty switch in `\DFFCE.$proc$/usr/local/bin/../share/yosys/gowin/cells_sim.v:348$202'.
Removing empty process `DFFCE.$proc$/usr/local/bin/../share/yosys/gowin/cells_sim.v:348$202'.
Removing empty process `DFFC.$proc$/usr/local/bin/../share/yosys/gowin/cells_sim.v:0$201'.
Removing empty process `DFFC.$proc$/usr/local/bin/../share/yosys/gowin/cells_sim.v:328$200'.
Removing empty process `DFFPE.$proc$/usr/local/bin/../share/yosys/gowin/cells_sim.v:0$199'.
Found and cleaned up 1 empty switch in `\DFFPE.$proc$/usr/local/bin/../share/yosys/gowin/cells_sim.v:309$198'.
Removing empty process `DFFPE.$proc$/usr/local/bin/../share/yosys/gowin/cells_sim.v:309$198'.
Removing empty process `DFFP.$proc$/usr/local/bin/../share/yosys/gowin/cells_sim.v:0$197'.
Removing empty process `DFFP.$proc$/usr/local/bin/../share/yosys/gowin/cells_sim.v:289$196'.
Removing empty process `DFFRE.$proc$/usr/local/bin/../share/yosys/gowin/cells_sim.v:0$195'.
Found and cleaned up 2 empty switches in `\DFFRE.$proc$/usr/local/bin/../share/yosys/gowin/cells_sim.v:270$194'.
Removing empty process `DFFRE.$proc$/usr/local/bin/../share/yosys/gowin/cells_sim.v:270$194'.
Removing empty process `DFFR.$proc$/usr/local/bin/../share/yosys/gowin/cells_sim.v:0$193'.
Found and cleaned up 1 empty switch in `\DFFR.$proc$/usr/local/bin/../share/yosys/gowin/cells_sim.v:250$192'.
Removing empty process `DFFR.$proc$/usr/local/bin/../share/yosys/gowin/cells_sim.v:250$192'.
Removing empty process `DFFSE.$proc$/usr/local/bin/../share/yosys/gowin/cells_sim.v:0$191'.
Found and cleaned up 2 empty switches in `\DFFSE.$proc$/usr/local/bin/../share/yosys/gowin/cells_sim.v:231$190'.
Removing empty process `DFFSE.$proc$/usr/local/bin/../share/yosys/gowin/cells_sim.v:231$190'.
Removing empty process `DFFS.$proc$/usr/local/bin/../share/yosys/gowin/cells_sim.v:0$189'.
Found and cleaned up 1 empty switch in `\DFFS.$proc$/usr/local/bin/../share/yosys/gowin/cells_sim.v:211$188'.
Removing empty process `DFFS.$proc$/usr/local/bin/../share/yosys/gowin/cells_sim.v:211$188'.
Removing empty process `DFFE.$proc$/usr/local/bin/../share/yosys/gowin/cells_sim.v:0$187'.
Found and cleaned up 1 empty switch in `\DFFE.$proc$/usr/local/bin/../share/yosys/gowin/cells_sim.v:194$186'.
Removing empty process `DFFE.$proc$/usr/local/bin/../share/yosys/gowin/cells_sim.v:194$186'.
Removing empty process `DFF.$proc$/usr/local/bin/../share/yosys/gowin/cells_sim.v:0$185'.
Removing empty process `DFF.$proc$/usr/local/bin/../share/yosys/gowin/cells_sim.v:179$184'.
Found and cleaned up 2 empty switches in `\top.$11'.
Removing empty process `top.$11'.
Found and cleaned up 2 empty switches in `\top.$9'.
Removing empty process `top.$9'.
Cleaned up 25 empty switches.

2.4.12. Executing OPT_EXPR pass (perform const folding).
Optimizing module top.pin_led_0.buf.buf.
Optimizing module top.pin_led_0.buf.
<suppressed ~2 debug messages>
Optimizing module top.pin_led_0.
Optimizing module top.cd_sync.reset_sync.
Optimizing module top.cd_sync.clk_buf.buf.
Optimizing module top.cd_sync.clk_buf.
<suppressed ~1 debug messages>
Optimizing module top.cd_sync.
Optimizing module top.

2.5. Executing FLATTEN pass (flatten design).
Deleting now unused module top.pin_led_0.buf.buf.
Deleting now unused module top.pin_led_0.buf.
Deleting now unused module top.pin_led_0.
Deleting now unused module top.cd_sync.reset_sync.
Deleting now unused module top.cd_sync.clk_buf.buf.
Deleting now unused module top.cd_sync.clk_buf.
Deleting now unused module top.cd_sync.
<suppressed ~7 debug messages>

2.6. Executing TRIBUF pass.

2.7. Executing DEMINOUT pass (demote inout ports to input or output).

2.8. Executing SYNTH pass.

2.8.1. Executing PROC pass (convert processes to netlists).

2.8.1.1. Executing PROC_CLEAN pass (remove empty switches from decision trees).
Cleaned up 0 empty switches.

2.8.1.2. Executing PROC_RMDEAD pass (remove dead branches from decision trees).
Removed a total of 0 dead cases.

2.8.1.3. Executing PROC_PRUNE pass (remove redundant assignments in processes).
Removed 0 redundant assignments.
Promoted 0 assignments to connections.

2.8.1.4. Executing PROC_INIT pass (extract init attributes).

2.8.1.5. Executing PROC_ARST pass (detect async resets in processes).

2.8.1.6. Executing PROC_ROM pass (convert switches to ROMs).
Converted 0 switches.

2.8.1.7. Executing PROC_MUX pass (convert decision trees to multiplexers).

2.8.1.8. Executing PROC_DLATCH pass (convert process syncs to latches).

2.8.1.9. Executing PROC_DFF pass (convert process syncs to FFs).

2.8.1.10. Executing PROC_MEMWR pass (convert process memory writes to cells).

2.8.1.11. Executing PROC_CLEAN pass (remove empty switches from decision trees).
Cleaned up 0 empty switches.

2.8.1.12. Executing OPT_EXPR pass (perform const folding).
Optimizing module top.

2.8.2. Executing OPT_EXPR pass (perform const folding).
Optimizing module top.

2.8.3. Executing OPT_CLEAN pass (remove unused cells and wires).
Finding unused cells or wires in module \top..
Removed 0 unused cells and 7 unused wires.
<suppressed ~1 debug messages>

2.8.4. Executing CHECK pass (checking for obvious problems).
Checking module top...
Found and reported 0 problems.

2.8.5. Executing OPT pass (performing simple optimizations).

2.8.5.1. Executing OPT_EXPR pass (perform const folding).
Optimizing module top.

2.8.5.2. Executing OPT_MERGE pass (detect identical cells).
Finding identical cells in module `\top'.
<suppressed ~3 debug messages>
Removed a total of 1 cells.

2.8.5.3. Executing OPT_MUXTREE pass (detect dead branches in mux trees).
Running muxtree optimizer on module \top..
  Creating internal representation of mux trees.
  Evaluating internal representation of mux trees.
  Analyzing evaluation results.
Removed 0 multiplexer ports.
<suppressed ~2 debug messages>

2.8.5.4. Executing OPT_REDUCE pass (consolidate $*mux and $reduce_* inputs).
  Optimizing cells in module \top.
Performed a total of 0 changes.

2.8.5.5. Executing OPT_MERGE pass (detect identical cells).
Finding identical cells in module `\top'.
Removed a total of 0 cells.

2.8.5.6. Executing OPT_DFF pass (perform DFF optimizations).

2.8.5.7. Executing OPT_CLEAN pass (remove unused cells and wires).
Finding unused cells or wires in module \top..
Removed 0 unused cells and 1 unused wires.
<suppressed ~1 debug messages>

2.8.5.8. Executing OPT_EXPR pass (perform const folding).
Optimizing module top.

2.8.5.9. Rerunning OPT passes. (Maybe there is more to do..)

2.8.5.10. Executing OPT_MUXTREE pass (detect dead branches in mux trees).
Running muxtree optimizer on module \top..
  Creating internal representation of mux trees.
  Evaluating internal representation of mux trees.
  Analyzing evaluation results.
Removed 0 multiplexer ports.
<suppressed ~2 debug messages>

2.8.5.11. Executing OPT_REDUCE pass (consolidate $*mux and $reduce_* inputs).
  Optimizing cells in module \top.
Performed a total of 0 changes.

2.8.5.12. Executing OPT_MERGE pass (detect identical cells).
Finding identical cells in module `\top'.
Removed a total of 0 cells.

2.8.5.13. Executing OPT_DFF pass (perform DFF optimizations).

2.8.5.14. Executing OPT_CLEAN pass (remove unused cells and wires).
Finding unused cells or wires in module \top..

2.8.5.15. Executing OPT_EXPR pass (perform const folding).
Optimizing module top.

2.8.5.16. Finished OPT passes. (There is nothing left to do.)

2.8.6. Executing FSM pass (extract and optimize FSM).

2.8.6.1. Executing FSM_DETECT pass (finding FSMs in design).

2.8.6.2. Executing FSM_EXTRACT pass (extracting FSM from design).

2.8.6.3. Executing FSM_OPT pass (simple optimizations of FSMs).

2.8.6.4. Executing OPT_CLEAN pass (remove unused cells and wires).
Finding unused cells or wires in module \top..

2.8.6.5. Executing FSM_OPT pass (simple optimizations of FSMs).

2.8.6.6. Executing FSM_RECODE pass (re-assigning FSM state encoding).

2.8.6.7. Executing FSM_INFO pass (dumping all available information on FSM cells).

2.8.6.8. Executing FSM_MAP pass (mapping FSMs to basic logic).

2.8.7. Executing OPT pass (performing simple optimizations).

2.8.7.1. Executing OPT_EXPR pass (perform const folding).
Optimizing module top.

2.8.7.2. Executing OPT_MERGE pass (detect identical cells).
Finding identical cells in module `\top'.
Removed a total of 0 cells.

2.8.7.3. Executing OPT_MUXTREE pass (detect dead branches in mux trees).
Running muxtree optimizer on module \top..
  Creating internal representation of mux trees.
  Evaluating internal representation of mux trees.
  Analyzing evaluation results.
Removed 0 multiplexer ports.
<suppressed ~2 debug messages>

2.8.7.4. Executing OPT_REDUCE pass (consolidate $*mux and $reduce_* inputs).
  Optimizing cells in module \top.
Performed a total of 0 changes.

2.8.7.5. Executing OPT_MERGE pass (detect identical cells).
Finding identical cells in module `\top'.
Removed a total of 0 cells.

2.8.7.6. Executing OPT_DFF pass (perform DFF optimizations).
Adding SRST signal on $12 ($dff) from module top (D = $procmux$425_Y, Q = \led_0__o, rval = 1'0).
Adding EN signal on $auto$ff.cc:266:slice$483 ($sdff) from module top (D = \pin_led_0.buf.buf.o, Q = \led_0__o).
Adding SRST signal on $10 ($dff) from module top (D = $1 [20:0], Q = \count, rval = 21'000000000000000000000).

2.8.7.7. Executing OPT_CLEAN pass (remove unused cells and wires).
Finding unused cells or wires in module \top..
Removed 4 unused cells and 4 unused wires.
<suppressed ~5 debug messages>

2.8.7.8. Executing OPT_EXPR pass (perform const folding).
Optimizing module top.

2.8.7.9. Rerunning OPT passes. (Maybe there is more to do..)

2.8.7.10. Executing OPT_MUXTREE pass (detect dead branches in mux trees).
Running muxtree optimizer on module \top..
  Creating internal representation of mux trees.
  No muxes found in this module.
Removed 0 multiplexer ports.

2.8.7.11. Executing OPT_REDUCE pass (consolidate $*mux and $reduce_* inputs).
  Optimizing cells in module \top.
Performed a total of 0 changes.

2.8.7.12. Executing OPT_MERGE pass (detect identical cells).
Finding identical cells in module `\top'.
Removed a total of 0 cells.

2.8.7.13. Executing OPT_DFF pass (perform DFF optimizations).

2.8.7.14. Executing OPT_CLEAN pass (remove unused cells and wires).
Finding unused cells or wires in module \top..

2.8.7.15. Executing OPT_EXPR pass (perform const folding).
Optimizing module top.

2.8.7.16. Finished OPT passes. (There is nothing left to do.)

2.8.8. Executing WREDUCE pass (reducing word size of cells).
Removed top 1 bits (of 22) from port Y of cell top.$6 ($add).
Removed top 1 bits (of 22) from wire top.$1.

2.8.9. Executing PEEPOPT pass (run peephole optimizers).

2.8.10. Executing OPT_CLEAN pass (remove unused cells and wires).
Finding unused cells or wires in module \top..
Removed 0 unused cells and 1 unused wires.
<suppressed ~1 debug messages>

2.8.11. Executing ALUMACC pass (create $alu and $macc cells).
Extracting $alu and $macc cells in module top:
  creating $macc model for $6 ($add).
  creating $alu model for $macc $6.
  creating $alu cell for $6: $auto$alumacc.cc:485:replace_alu$489
  created 1 $alu and 0 $macc cells.

2.8.12. Executing SHARE pass (SAT-based resource sharing).

2.8.13. Executing OPT pass (performing simple optimizations).

2.8.13.1. Executing OPT_EXPR pass (perform const folding).
Optimizing module top.

2.8.13.2. Executing OPT_MERGE pass (detect identical cells).
Finding identical cells in module `\top'.
Removed a total of 0 cells.

2.8.13.3. Executing OPT_MUXTREE pass (detect dead branches in mux trees).
Running muxtree optimizer on module \top..
  Creating internal representation of mux trees.
  No muxes found in this module.
Removed 0 multiplexer ports.

2.8.13.4. Executing OPT_REDUCE pass (consolidate $*mux and $reduce_* inputs).
  Optimizing cells in module \top.
Performed a total of 0 changes.

2.8.13.5. Executing OPT_MERGE pass (detect identical cells).
Finding identical cells in module `\top'.
Removed a total of 0 cells.

2.8.13.6. Executing OPT_DFF pass (perform DFF optimizations).

2.8.13.7. Executing OPT_CLEAN pass (remove unused cells and wires).
Finding unused cells or wires in module \top..

2.8.13.8. Executing OPT_EXPR pass (perform const folding).
Optimizing module top.

2.8.13.9. Finished OPT passes. (There is nothing left to do.)

2.8.14. Executing MEMORY pass.

2.8.14.1. Executing OPT_MEM pass (optimize memories).
Performed a total of 0 transformations.

2.8.14.2. Executing OPT_MEM_PRIORITY pass (removing unnecessary memory write priority relations).
Performed a total of 0 transformations.

2.8.14.3. Executing OPT_MEM_FEEDBACK pass (finding memory read-to-write feedback paths).

2.8.14.4. Executing MEMORY_BMUX2ROM pass (converting muxes to ROMs).

2.8.14.5. Executing MEMORY_DFF pass (merging $dff cells to $memrd).

2.8.14.6. Executing OPT_CLEAN pass (remove unused cells and wires).
Finding unused cells or wires in module \top..

2.8.14.7. Executing MEMORY_SHARE pass (consolidating $memrd/$memwr cells).

2.8.14.8. Executing OPT_MEM_WIDEN pass (optimize memories where all ports are wide).
Performed a total of 0 transformations.

2.8.14.9. Executing OPT_CLEAN pass (remove unused cells and wires).
Finding unused cells or wires in module \top..

2.8.14.10. Executing MEMORY_COLLECT pass (generating $mem cells).

2.8.15. Executing OPT_CLEAN pass (remove unused cells and wires).
Finding unused cells or wires in module \top..

2.9. Executing MEMORY_LIBMAP pass (mapping memories to cells).

2.10. Executing TECHMAP pass (map to technology primitives).

2.10.1. Executing Verilog-2005 frontend: /usr/local/bin/../share/yosys/gowin/lutrams_map.v
Parsing Verilog input from `/usr/local/bin/../share/yosys/gowin/lutrams_map.v' to AST representation.
Generating RTLIL representation for module `\$__GOWIN_LUTRAM_'.
Successfully finished Verilog frontend.

2.10.2. Executing Verilog-2005 frontend: /usr/local/bin/../share/yosys/gowin/brams_map.v
Parsing Verilog input from `/usr/local/bin/../share/yosys/gowin/brams_map.v' to AST representation.
Generating RTLIL representation for module `\$__GOWIN_SP_'.
Generating RTLIL representation for module `\$__GOWIN_DP_'.
Generating RTLIL representation for module `\$__GOWIN_SDP_'.
Successfully finished Verilog frontend.

2.10.3. Continuing TECHMAP pass.
No more expansions possible.
<suppressed ~6 debug messages>

2.11. Executing OPT pass (performing simple optimizations).

2.11.1. Executing OPT_EXPR pass (perform const folding).
Optimizing module top.

2.11.2. Executing OPT_MERGE pass (detect identical cells).
Finding identical cells in module `\top'.
Removed a total of 0 cells.

2.11.3. Executing OPT_DFF pass (perform DFF optimizations).

2.11.4. Executing OPT_CLEAN pass (remove unused cells and wires).
Finding unused cells or wires in module \top..

2.11.5. Finished fast OPT passes.

2.12. Executing MEMORY_MAP pass (converting memories to logic and flip-flops).

2.13. Executing OPT pass (performing simple optimizations).

2.13.1. Executing OPT_EXPR pass (perform const folding).
Optimizing module top.

2.13.2. Executing OPT_MERGE pass (detect identical cells).
Finding identical cells in module `\top'.
Removed a total of 0 cells.

2.13.3. Executing OPT_MUXTREE pass (detect dead branches in mux trees).
Running muxtree optimizer on module \top..
  Creating internal representation of mux trees.
  No muxes found in this module.
Removed 0 multiplexer ports.

2.13.4. Executing OPT_REDUCE pass (consolidate $*mux and $reduce_* inputs).
  Optimizing cells in module \top.
Performed a total of 0 changes.

2.13.5. Executing OPT_MERGE pass (detect identical cells).
Finding identical cells in module `\top'.
Removed a total of 0 cells.

2.13.6. Executing OPT_DFF pass (perform DFF optimizations).

2.13.7. Executing OPT_CLEAN pass (remove unused cells and wires).
Finding unused cells or wires in module \top..

2.13.8. Executing OPT_EXPR pass (perform const folding).
Optimizing module top.

2.13.9. Finished OPT passes. (There is nothing left to do.)

2.14. Executing TECHMAP pass (map to technology primitives).

2.14.1. Executing Verilog-2005 frontend: /usr/local/bin/../share/yosys/techmap.v
Parsing Verilog input from `/usr/local/bin/../share/yosys/techmap.v' to AST representation.
Generating RTLIL representation for module `\_90_simplemap_bool_ops'.
Generating RTLIL representation for module `\_90_simplemap_reduce_ops'.
Generating RTLIL representation for module `\_90_simplemap_logic_ops'.
Generating RTLIL representation for module `\_90_simplemap_compare_ops'.
Generating RTLIL representation for module `\_90_simplemap_various'.
Generating RTLIL representation for module `\_90_simplemap_registers'.
Generating RTLIL representation for module `\_90_shift_ops_shr_shl_sshl_sshr'.
Generating RTLIL representation for module `\_90_shift_shiftx'.
Generating RTLIL representation for module `\_90_fa'.
Generating RTLIL representation for module `\_90_lcu_brent_kung'.
Generating RTLIL representation for module `\_90_alu'.
Generating RTLIL representation for module `\_90_macc'.
Generating RTLIL representation for module `\_90_alumacc'.
Generating RTLIL representation for module `\$__div_mod_u'.
Generating RTLIL representation for module `\$__div_mod_trunc'.
Generating RTLIL representation for module `\_90_div'.
Generating RTLIL representation for module `\_90_mod'.
Generating RTLIL representation for module `\$__div_mod_floor'.
Generating RTLIL representation for module `\_90_divfloor'.
Generating RTLIL representation for module `\_90_modfloor'.
Generating RTLIL representation for module `\_90_pow'.
Generating RTLIL representation for module `\_90_pmux'.
Generating RTLIL representation for module `\_90_demux'.
Generating RTLIL representation for module `\_90_lut'.
Successfully finished Verilog frontend.

2.14.2. Executing Verilog-2005 frontend: /usr/local/bin/../share/yosys/gowin/arith_map.v
Parsing Verilog input from `/usr/local/bin/../share/yosys/gowin/arith_map.v' to AST representation.
Generating RTLIL representation for module `\_80_gw1n_alu'.
Successfully finished Verilog frontend.

2.14.3. Continuing TECHMAP pass.
Using extmapper simplemap for cells of type $sdff.
Using template $paramod$93b49458bab1c00eb32aff458c583f46ff61e60f\_80_gw1n_alu for cells of type $alu.
Using extmapper simplemap for cells of type $eq.
Using extmapper simplemap for cells of type $not.
Using extmapper simplemap for cells of type $sdffe.
Using extmapper simplemap for cells of type $dff.
Using extmapper simplemap for cells of type $reduce_or.
Using extmapper simplemap for cells of type $xor.
Using extmapper simplemap for cells of type $pos.
No more expansions possible.
<suppressed ~125 debug messages>

2.15. Executing OPT pass (performing simple optimizations).

2.15.1. Executing OPT_EXPR pass (perform const folding).
Optimizing module top.
<suppressed ~85 debug messages>

2.15.2. Executing OPT_MERGE pass (detect identical cells).
Finding identical cells in module `\top'.
<suppressed ~3 debug messages>
Removed a total of 1 cells.

2.15.3. Executing OPT_DFF pass (perform DFF optimizations).

2.15.4. Executing OPT_CLEAN pass (remove unused cells and wires).
Finding unused cells or wires in module \top..
Removed 0 unused cells and 40 unused wires.
<suppressed ~1 debug messages>

2.15.5. Finished fast OPT passes.

2.16. Executing IOPADMAP pass (mapping inputs/outputs to IO-PAD cells).
Marking already mapped port: IBUF.I[0].
Marking already mapped port: TBUF.O[0].
Marking already mapped port: top.clk27_0__io[0].
Marking already mapped port: top.led_0__io[0].

2.17. Executing OPT_CLEAN pass (remove unused cells and wires).
Finding unused cells or wires in module \top..

2.18. Executing DFFLEGALIZE pass (convert FFs to types supported by the target).

2.19. Executing TECHMAP pass (map to technology primitives).

2.19.1. Executing Verilog-2005 frontend: /usr/local/bin/../share/yosys/gowin/cells_map.v
Parsing Verilog input from `/usr/local/bin/../share/yosys/gowin/cells_map.v' to AST representation.
Generating RTLIL representation for module `\$_DFF_N_'.
Generating RTLIL representation for module `\$_DFF_P_'.
Generating RTLIL representation for module `\$_DFFE_PP_'.
Generating RTLIL representation for module `\$_DFFE_NP_'.
Generating RTLIL representation for module `\$_SDFF_PP0_'.
Generating RTLIL representation for module `\$_SDFF_NP0_'.
Generating RTLIL representation for module `\$_SDFFE_PP0P_'.
Generating RTLIL representation for module `\$_SDFFE_NP0P_'.
Generating RTLIL representation for module `\$_SDFF_PP1_'.
Generating RTLIL representation for module `\$_SDFF_NP1_'.
Generating RTLIL representation for module `\$_SDFFE_PP1P_'.
Generating RTLIL representation for module `\$_SDFFE_NP1P_'.
Generating RTLIL representation for module `\$_DFF_PP1_'.
Generating RTLIL representation for module `\$_DFF_NP1_'.
Generating RTLIL representation for module `\$_DFF_PP0_'.
Generating RTLIL representation for module `\$_DFF_NP0_'.
Generating RTLIL representation for module `\$_DFFE_PP1P_'.
Generating RTLIL representation for module `\$_DFFE_NP1P_'.
Generating RTLIL representation for module `\$_DFFE_PP0P_'.
Generating RTLIL representation for module `\$_DFFE_NP0P_'.
Generating RTLIL representation for module `\$lut'.
Successfully finished Verilog frontend.

2.19.2. Continuing TECHMAP pass.
Using template \$_SDFF_PP1_ for cells of type $_SDFF_PP1_.
Using template \$_SDFFE_PP0P_ for cells of type $_SDFFE_PP0P_.
Using template \$_SDFF_PP0_ for cells of type $_SDFF_PP0_.
No more expansions possible.
<suppressed ~47 debug messages>

2.20. Executing OPT_EXPR pass (perform const folding).
Optimizing module top.

2.21. Executing SIMPLEMAP pass (map simple cells to gate primitives).

2.22. Executing Verilog-2005 frontend: /usr/local/bin/../share/yosys/abc9_model.v
Parsing Verilog input from `/usr/local/bin/../share/yosys/abc9_model.v' to AST representation.
Generating RTLIL representation for module `$__ABC9_DELAY'.
Generating RTLIL representation for module `$__ABC9_SCC_BREAKER'.
Generating RTLIL representation for module `$__DFF_N__$abc9_flop'.
Generating RTLIL representation for module `$__DFF_P__$abc9_flop'.
Successfully finished Verilog frontend.

2.23. Executing ABC9 pass.

2.23.1. Executing ABC9_OPS pass (helper functions for ABC9).

2.23.2. Executing ABC9_OPS pass (helper functions for ABC9).

2.23.3. Executing PROC pass (convert processes to netlists).

2.23.3.1. Executing PROC_CLEAN pass (remove empty switches from decision trees).
Found and cleaned up 1 empty switch in `$paramod\ALU\ALU_MODE=s32'00000000000000000000000000000010.$proc$/usr/local/bin/../share/yosys/gowin/cells_sim.v:913$1015'.
Cleaned up 1 empty switch.

2.23.3.2. Executing PROC_RMDEAD pass (remove dead branches from decision trees).
Removed a total of 0 dead cases.

2.23.3.3. Executing PROC_PRUNE pass (remove redundant assignments in processes).
Removed 0 redundant assignments.
Promoted 4 assignments to connections.

2.23.3.4. Executing PROC_INIT pass (extract init attributes).

2.23.3.5. Executing PROC_ARST pass (detect async resets in processes).

2.23.3.6. Executing PROC_ROM pass (convert switches to ROMs).
Converted 0 switches.

2.23.3.7. Executing PROC_MUX pass (convert decision trees to multiplexers).
Creating decoders for process `$paramod\ALU\ALU_MODE=s32'00000000000000000000000000000010.$proc$/usr/local/bin/../share/yosys/gowin/cells_sim.v:913$1015'.

2.23.3.8. Executing PROC_DLATCH pass (convert process syncs to latches).

2.23.3.9. Executing PROC_DFF pass (convert process syncs to FFs).
Creating register for signal `$paramod\ALU\ALU_MODE=s32'00000000000000000000000000000010.\C' using process `$paramod\ALU\ALU_MODE=s32'00000000000000000000000000000010.$proc$/usr/local/bin/../share/yosys/gowin/cells_sim.v:913$1015'.
  created direct connection (no actual register cell created).
Creating register for signal `$paramod\ALU\ALU_MODE=s32'00000000000000000000000000000010.\S' using process `$paramod\ALU\ALU_MODE=s32'00000000000000000000000000000010.$proc$/usr/local/bin/../share/yosys/gowin/cells_sim.v:913$1015'.
  created direct connection (no actual register cell created).

2.23.3.10. Executing PROC_MEMWR pass (convert process memory writes to cells).

2.23.3.11. Executing PROC_CLEAN pass (remove empty switches from decision trees).
Removing empty process `$paramod\ALU\ALU_MODE=s32'00000000000000000000000000000010.$proc$/usr/local/bin/../share/yosys/gowin/cells_sim.v:913$1015'.
Cleaned up 0 empty switches.

2.23.3.12. Executing OPT_EXPR pass (perform const folding).

2.23.4. Executing SCC pass (detecting logic loops).
Found 0 SCCs in module top.
Found 0 SCCs.

2.23.5. Executing ABC9_OPS pass (helper functions for ABC9).

2.23.6. Executing PROC pass (convert processes to netlists).

2.23.6.1. Executing PROC_CLEAN pass (remove empty switches from decision trees).
Cleaned up 0 empty switches.

2.23.6.2. Executing PROC_RMDEAD pass (remove dead branches from decision trees).
Removed a total of 0 dead cases.

2.23.6.3. Executing PROC_PRUNE pass (remove redundant assignments in processes).
Removed 0 redundant assignments.
Promoted 0 assignments to connections.

2.23.6.4. Executing PROC_INIT pass (extract init attributes).

2.23.6.5. Executing PROC_ARST pass (detect async resets in processes).

2.23.6.6. Executing PROC_ROM pass (convert switches to ROMs).
Converted 0 switches.

2.23.6.7. Executing PROC_MUX pass (convert decision trees to multiplexers).

2.23.6.8. Executing PROC_DLATCH pass (convert process syncs to latches).

2.23.6.9. Executing PROC_DFF pass (convert process syncs to FFs).

2.23.6.10. Executing PROC_MEMWR pass (convert process memory writes to cells).

2.23.6.11. Executing PROC_CLEAN pass (remove empty switches from decision trees).
Cleaned up 0 empty switches.

2.23.6.12. Executing OPT_EXPR pass (perform const folding).

2.23.7. Executing TECHMAP pass (map to technology primitives).

2.23.7.1. Executing Verilog-2005 frontend: /usr/local/bin/../share/yosys/techmap.v
Parsing Verilog input from `/usr/local/bin/../share/yosys/techmap.v' to AST representation.
Generating RTLIL representation for module `\_90_simplemap_bool_ops'.
Generating RTLIL representation for module `\_90_simplemap_reduce_ops'.
Generating RTLIL representation for module `\_90_simplemap_logic_ops'.
Generating RTLIL representation for module `\_90_simplemap_compare_ops'.
Generating RTLIL representation for module `\_90_simplemap_various'.
Generating RTLIL representation for module `\_90_simplemap_registers'.
Generating RTLIL representation for module `\_90_shift_ops_shr_shl_sshl_sshr'.
Generating RTLIL representation for module `\_90_shift_shiftx'.
Generating RTLIL representation for module `\_90_fa'.
Generating RTLIL representation for module `\_90_lcu_brent_kung'.
Generating RTLIL representation for module `\_90_alu'.
Generating RTLIL representation for module `\_90_macc'.
Generating RTLIL representation for module `\_90_alumacc'.
Generating RTLIL representation for module `\$__div_mod_u'.
Generating RTLIL representation for module `\$__div_mod_trunc'.
Generating RTLIL representation for module `\_90_div'.
Generating RTLIL representation for module `\_90_mod'.
Generating RTLIL representation for module `\$__div_mod_floor'.
Generating RTLIL representation for module `\_90_divfloor'.
Generating RTLIL representation for module `\_90_modfloor'.
Generating RTLIL representation for module `\_90_pow'.
Generating RTLIL representation for module `\_90_pmux'.
Generating RTLIL representation for module `\_90_demux'.
Generating RTLIL representation for module `\_90_lut'.
Successfully finished Verilog frontend.

2.23.7.2. Continuing TECHMAP pass.
No more expansions possible.
<suppressed ~249 debug messages>

2.23.8. Executing OPT pass (performing simple optimizations).

2.23.8.1. Executing OPT_EXPR pass (perform const folding).

2.23.8.2. Executing OPT_MERGE pass (detect identical cells).
Removed a total of 0 cells.

2.23.8.3. Executing OPT_MUXTREE pass (detect dead branches in mux trees).
Removed 0 multiplexer ports.

2.23.8.4. Executing OPT_REDUCE pass (consolidate $*mux and $reduce_* inputs).
Performed a total of 0 changes.

2.23.8.5. Executing OPT_MERGE pass (detect identical cells).
Removed a total of 0 cells.

2.23.8.6. Executing OPT_DFF pass (perform DFF optimizations).

2.23.8.7. Executing OPT_CLEAN pass (remove unused cells and wires).

2.23.8.8. Executing OPT_EXPR pass (perform const folding).

2.23.8.9. Finished OPT passes. (There is nothing left to do.)

2.23.9. Executing TECHMAP pass (map to technology primitives).

2.23.9.1. Executing Verilog-2005 frontend: /usr/local/bin/../share/yosys/abc9_map.v
Parsing Verilog input from `/usr/local/bin/../share/yosys/abc9_map.v' to AST representation.
Successfully finished Verilog frontend.

2.23.9.2. Continuing TECHMAP pass.
No more expansions possible.
<suppressed ~2 debug messages>

2.23.10. Executing Verilog-2005 frontend: /usr/local/bin/../share/yosys/abc9_model.v
Parsing Verilog input from `/usr/local/bin/../share/yosys/abc9_model.v' to AST representation.
Replacing existing blackbox module `$__ABC9_DELAY' at /usr/local/bin/../share/yosys/abc9_model.v:2.1-7.10.
Generating RTLIL representation for module `$__ABC9_DELAY'.
Replacing existing blackbox module `$__ABC9_SCC_BREAKER' at /usr/local/bin/../share/yosys/abc9_model.v:9.1-11.10.
Generating RTLIL representation for module `$__ABC9_SCC_BREAKER'.
Replacing existing module `$__DFF_N__$abc9_flop' at /usr/local/bin/../share/yosys/abc9_model.v:14.1-20.10.
Generating RTLIL representation for module `$__DFF_N__$abc9_flop'.
Replacing existing module `$__DFF_P__$abc9_flop' at /usr/local/bin/../share/yosys/abc9_model.v:23.1-29.10.
Generating RTLIL representation for module `$__DFF_P__$abc9_flop'.
Successfully finished Verilog frontend.

2.23.11. Executing ABC9_OPS pass (helper functions for ABC9).
<suppressed ~51 debug messages>

2.23.12. Executing ABC9_OPS pass (helper functions for ABC9).

2.23.13. Executing ABC9_OPS pass (helper functions for ABC9).
<suppressed ~2 debug messages>

2.23.14. Executing TECHMAP pass (map to technology primitives).

2.23.14.1. Executing Verilog-2005 frontend: /usr/local/bin/../share/yosys/techmap.v
Parsing Verilog input from `/usr/local/bin/../share/yosys/techmap.v' to AST representation.
Generating RTLIL representation for module `\_90_simplemap_bool_ops'.
Generating RTLIL representation for module `\_90_simplemap_reduce_ops'.
Generating RTLIL representation for module `\_90_simplemap_logic_ops'.
Generating RTLIL representation for module `\_90_simplemap_compare_ops'.
Generating RTLIL representation for module `\_90_simplemap_various'.
Generating RTLIL representation for module `\_90_simplemap_registers'.
Generating RTLIL representation for module `\_90_shift_ops_shr_shl_sshl_sshr'.
Generating RTLIL representation for module `\_90_shift_shiftx'.
Generating RTLIL representation for module `\_90_fa'.
Generating RTLIL representation for module `\_90_lcu_brent_kung'.
Generating RTLIL representation for module `\_90_alu'.
Generating RTLIL representation for module `\_90_macc'.
Generating RTLIL representation for module `\_90_alumacc'.
Generating RTLIL representation for module `\$__div_mod_u'.
Generating RTLIL representation for module `\$__div_mod_trunc'.
Generating RTLIL representation for module `\_90_div'.
Generating RTLIL representation for module `\_90_mod'.
Generating RTLIL representation for module `\$__div_mod_floor'.
Generating RTLIL representation for module `\_90_divfloor'.
Generating RTLIL representation for module `\_90_modfloor'.
Generating RTLIL representation for module `\_90_pow'.
Generating RTLIL representation for module `\_90_pmux'.
Generating RTLIL representation for module `\_90_demux'.
Generating RTLIL representation for module `\_90_lut'.
Successfully finished Verilog frontend.

2.23.14.2. Continuing TECHMAP pass.
Using template $paramod\ALU\ALU_MODE=s32'00000000000000000000000000000010 for cells of type $paramod\ALU\ALU_MODE=s32'00000000000000000000000000000010.
Using extmapper simplemap for cells of type $mux.
Using extmapper simplemap for cells of type $xor.
Using extmapper simplemap for cells of type $not.
No more expansions possible.
<suppressed ~258 debug messages>

2.23.15. Executing OPT pass (performing simple optimizations).

2.23.15.1. Executing OPT_EXPR pass (perform const folding).
Optimizing module top.

2.23.15.2. Executing OPT_MERGE pass (detect identical cells).
Finding identical cells in module `\top'.
Removed a total of 0 cells.

2.23.15.3. Executing OPT_MUXTREE pass (detect dead branches in mux trees).
Running muxtree optimizer on module \top..
  Creating internal representation of mux trees.
  No muxes found in this module.
Removed 0 multiplexer ports.

2.23.15.4. Executing OPT_REDUCE pass (consolidate $*mux and $reduce_* inputs).
  Optimizing cells in module \top.
Performed a total of 0 changes.

2.23.15.5. Executing OPT_MERGE pass (detect identical cells).
Finding identical cells in module `\top'.
Removed a total of 0 cells.

2.23.15.6. Executing OPT_DFF pass (perform DFF optimizations).

2.23.15.7. Executing OPT_CLEAN pass (remove unused cells and wires).
Finding unused cells or wires in module \top..
Removed 0 unused cells and 16 unused wires.
<suppressed ~1 debug messages>

2.23.15.8. Executing OPT_EXPR pass (perform const folding).
Optimizing module top.

2.23.15.9. Rerunning OPT passes. (Maybe there is more to do..)

2.23.15.10. Executing OPT_MUXTREE pass (detect dead branches in mux trees).
Running muxtree optimizer on module \top..
  Creating internal representation of mux trees.
  No muxes found in this module.
Removed 0 multiplexer ports.

2.23.15.11. Executing OPT_REDUCE pass (consolidate $*mux and $reduce_* inputs).
  Optimizing cells in module \top.
Performed a total of 0 changes.

2.23.15.12. Executing OPT_MERGE pass (detect identical cells).
Finding identical cells in module `\top'.
Removed a total of 0 cells.

2.23.15.13. Executing OPT_DFF pass (perform DFF optimizations).

2.23.15.14. Executing OPT_CLEAN pass (remove unused cells and wires).
Finding unused cells or wires in module \top..

2.23.15.15. Executing OPT_EXPR pass (perform const folding).
Optimizing module top.

2.23.15.16. Finished OPT passes. (There is nothing left to do.)

2.23.16. Executing AIGMAP pass (map logic to AIG).
Module top: replaced 5 cells with 35 new cells, skipped 9 cells.
  replaced 2 cell types:
       3 $_XOR_
       2 $_MUX_
  not replaced 2 cell types:
       8 $specify2
       1 $_NOT_

2.23.17. Executing AIGMAP pass (map logic to AIG).
Module top: replaced 21 cells with 84 new cells, skipped 127 cells.
  replaced 1 cell types:
      21 $_OR_
  not replaced 10 cell types:
       7 $scopeinfo
      24 $_NOT_
      24 $paramod$__ABC9_DELAY\DELAY=32'00000000000000000000001001000000
       1 IBUF
       1 TBUF
      25 $paramod$__ABC9_DELAY\DELAY=32'00000000000000000000000000111111
       2 DFFS
      21 DFFR
       1 DFFRE
      21 $paramod\ALU\ALU_MODE=s32'00000000000000000000000000000010

2.23.17.1. Executing ABC9_OPS pass (helper functions for ABC9).

2.23.17.2. Executing ABC9_OPS pass (helper functions for ABC9).

2.23.17.3. Executing XAIGER backend.
<suppressed ~35 debug messages>
Extracted 21 AND gates and 233 wires from module `top' to a netlist network with 27 inputs and 53 outputs.

2.23.17.4. Executing ABC9_EXE pass (technology mapping using ABC9).

2.23.17.5. Executing ABC9.
Running ABC command: "<yosys-exe-dir>/yosys-abc" -s -f <abc-temp-dir>/abc.script 2>&1
ABC: ABC command line: "source <abc-temp-dir>/abc.script".
ABC: 
ABC: + read_lut <abc-temp-dir>/input.lut 
ABC: + read_box <abc-temp-dir>/input.box 
ABC: + &read <abc-temp-dir>/input.xaig 
ABC: + &ps 
ABC: <abc-temp-dir>/input : i/o =     27/     53  and =      21  lev =    6 (0.70)  mem = 0.01 MB  box = 70  bb = 49
ABC: + &scorr 
ABC: Warning: The network is combinational.
ABC: + &sweep 
ABC: + &dc2 
ABC: + &dch -f 
ABC: + &ps 
ABC: <abc-temp-dir>/input : i/o =     27/     53  and =      41  lev =    6 (0.70)  mem = 0.01 MB  ch =    4  box = 70  bb = 49
ABC: + &if -W 500 -v 
ABC: K = 8. Memory (bytes): Truth =    0. Cut =   64. Obj =  144. Set =  672. CutMin = no
ABC: Node =      41.  Ch =     4.  Total mem =    0.05 MB. Peak cut mem =    0.00 MB.
ABC: P:  Del = 5110.00.  Ar =      45.0.  Edge =       32.  Cut =      289.  T =     0.00 sec
ABC: P:  Del = 5110.00.  Ar =      45.0.  Edge =       32.  Cut =      289.  T =     0.00 sec
ABC: P:  Del = 5110.00.  Ar =      45.0.  Edge =       32.  Cut =      477.  T =     0.00 sec
ABC: F:  Del = 5110.00.  Ar =      22.0.  Edge =       48.  Cut =      358.  T =     0.00 sec
ABC: A:  Del = 5110.00.  Ar =      22.0.  Edge =       34.  Cut =      186.  T =     0.00 sec
ABC: A:  Del = 5110.00.  Ar =      22.0.  Edge =       34.  Cut =      350.  T =     0.00 sec
ABC: Total time =     0.00 sec
ABC: + &write -n <abc-temp-dir>/output.aig 
ABC: + &mfs 
ABC: The network is not changed by "&mfs".
ABC: + &ps -l 
ABC: <abc-temp-dir>/input : i/o =     27/     53  and =      26  lev =    6 (0.70)  mem = 0.01 MB  box = 70  bb = 49
ABC: Mapping (K=7)  :  lut =      8  edge =      34  lev =    3 (0.35)  levB =   22  mem = 0.00 MB
ABC: LUT = 8 : 2=3 37.5 %  3=0 0.0 %  4=1 12.5 %  5=1 12.5 %  6=2 25.0 %  7=1 12.5 %  Ave = 4.25
ABC: + &write -n <abc-temp-dir>/output.aig 
ABC: + time 
ABC: elapse: 0.01 seconds, total: 0.01 seconds

2.23.17.6. Executing AIGER frontend.
<suppressed ~172 debug messages>
Removed 20 unused cells and 323 unused wires.

2.23.17.7. Executing ABC9_OPS pass (helper functions for ABC9).
ABC RESULTS:              $lut cells:       10
ABC RESULTS:   $paramod\ALU\ALU_MODE=s32'00000000000000000000000000000010 cells:       21
ABC RESULTS:           input signals:        6
ABC RESULTS:          output signals:       53
Removing temp directory.

2.23.18. Executing TECHMAP pass (map to technology primitives).

2.23.18.1. Executing Verilog-2005 frontend: /usr/local/bin/../share/yosys/abc9_unmap.v
Parsing Verilog input from `/usr/local/bin/../share/yosys/abc9_unmap.v' to AST representation.
Generating RTLIL representation for module `\$__DFF_x__$abc9_flop'.
Generating RTLIL representation for module `\$__ABC9_SCC_BREAKER'.
Successfully finished Verilog frontend.

2.23.18.2. Continuing TECHMAP pass.
Using template $paramod\ALU\ALU_MODE=s32'00000000000000000000000000000010 for cells of type $paramod\ALU\ALU_MODE=s32'00000000000000000000000000000010.
No more expansions possible.
<suppressed ~27 debug messages>
Removed 1 unused cells and 495 unused wires.

2.24. Executing TECHMAP pass (map to technology primitives).

2.24.1. Executing Verilog-2005 frontend: /usr/local/bin/../share/yosys/gowin/cells_map.v
Parsing Verilog input from `/usr/local/bin/../share/yosys/gowin/cells_map.v' to AST representation.
Generating RTLIL representation for module `\$_DFF_N_'.
Generating RTLIL representation for module `\$_DFF_P_'.
Generating RTLIL representation for module `\$_DFFE_PP_'.
Generating RTLIL representation for module `\$_DFFE_NP_'.
Generating RTLIL representation for module `\$_SDFF_PP0_'.
Generating RTLIL representation for module `\$_SDFF_NP0_'.
Generating RTLIL representation for module `\$_SDFFE_PP0P_'.
Generating RTLIL representation for module `\$_SDFFE_NP0P_'.
Generating RTLIL representation for module `\$_SDFF_PP1_'.
Generating RTLIL representation for module `\$_SDFF_NP1_'.
Generating RTLIL representation for module `\$_SDFFE_PP1P_'.
Generating RTLIL representation for module `\$_SDFFE_NP1P_'.
Generating RTLIL representation for module `\$_DFF_PP1_'.
Generating RTLIL representation for module `\$_DFF_NP1_'.
Generating RTLIL representation for module `\$_DFF_PP0_'.
Generating RTLIL representation for module `\$_DFF_NP0_'.
Generating RTLIL representation for module `\$_DFFE_PP1P_'.
Generating RTLIL representation for module `\$_DFFE_NP1P_'.
Generating RTLIL representation for module `\$_DFFE_PP0P_'.
Generating RTLIL representation for module `\$_DFFE_NP0P_'.
Generating RTLIL representation for module `\$lut'.
Successfully finished Verilog frontend.

2.24.2. Continuing TECHMAP pass.
Using template $paramod\$lut\WIDTH=32'00000000000000000000000000000001\LUT=2'01 for cells of type $lut.
Using template $paramod$571404c0889eaf57f492cb5e37f8acb5df5852f9\$lut for cells of type $lut.
Using template $paramod\$lut\WIDTH=32'00000000000000000000000000000010\LUT=4'1000 for cells of type $lut.
Using template $paramod$33e58adf67c6b686a154c9ce8ebbc4b04b8cabc5\$lut for cells of type $lut.
Using template $paramod$251994398653c4cf8de320f1e306e535d5d2d624\$lut for cells of type $lut.
Using template $paramod$e934877433e628b9aa4b7cb2bee8957bca3e1db5\$lut for cells of type $lut.
Using template $paramod$3cb71b90915d416250eb92d74e0b69cafd946147\$lut for cells of type $lut.
Using template $paramod$c45576938a9b58d891a9ccf0c10041ea33e86e1d\$lut for cells of type $lut.
Using template $paramod$9664483609d9e726df9697364de1aad825ad3979\$lut for cells of type $lut.
Using template $paramod$bf0d0292861bdee659ef5cbc5e58b330ac5871f9\$lut for cells of type $lut.
Using template $paramod$dadff75c617cf87bb5b8cfe47ca6c69fb6925370\$lut for cells of type $lut.
Using template $paramod$e9b7699b9d0275618fea114020446d4482ce51db\$lut for cells of type $lut.
Using template $paramod$3a32a7587b9f95b908af04fb9b75cd3eae00b58e\$lut for cells of type $lut.
Using template $paramod$127357723c64bc1f8a421abed91285f8166b9e8e\$lut for cells of type $lut.
No more expansions possible.
<suppressed ~243 debug messages>

2.25. Executing OPT_LUT_INS pass (discard unused LUT inputs).
Optimizing LUTs in top.
  Optimizing lut $auto$abc9_ops.cc:1550:reintegrate$1525.genblk1.genblk1.genblk1.genblk1.genblk1.genblk1.genblk1.lut0.genblk1.genblk1.genblk1.genblk1.genblk1.genblk1.lut0.genblk1.genblk1.genblk1.genblk1.genblk1.lut0 (4 -> 1)
  Optimizing lut $abc$1523$lut$aiger1522$130.genblk1.genblk1.genblk1.genblk1.genblk1.genblk1.lut1.genblk1.genblk1.genblk1.genblk1.genblk1.lut0 (4 -> 0)
  Optimizing lut $auto$abc9_ops.cc:1550:reintegrate$1525.genblk1.genblk1.genblk1.genblk1.genblk1.genblk1.genblk1.lut1.genblk1.genblk1.genblk1.genblk1.genblk1.genblk1.lut0.genblk1.genblk1.genblk1.genblk1.genblk1.lut0 (4 -> 1)
  Optimizing lut $auto$abc9_ops.cc:1550:reintegrate$1525.genblk1.genblk1.genblk1.genblk1.genblk1.genblk1.genblk1.lut0.genblk1.genblk1.genblk1.genblk1.genblk1.genblk1.lut1.genblk1.genblk1.genblk1.genblk1.genblk1.lut0 (4 -> 1)
  Optimizing lut $abc$1523$lut$aiger1522$138.genblk1.genblk1.genblk1.genblk1.genblk1.genblk1.lut0.genblk1.genblk1.genblk1.genblk1.genblk1.lut0 (4 -> 0)
  Optimizing lut $abc$1523$lut$aiger1522$130.genblk1.genblk1.genblk1.genblk1.genblk1.genblk1.lut0.genblk1.genblk1.genblk1.genblk1.genblk1.lut0 (4 -> 0)
  Optimizing lut $abc$1523$lut$aiger1522$138.genblk1.genblk1.genblk1.genblk1.genblk1.genblk1.lut1.genblk1.genblk1.genblk1.genblk1.genblk1.lut0 (4 -> 0)
  Optimizing lut $auto$abc9_ops.cc:1550:reintegrate$1525.genblk1.genblk1.genblk1.genblk1.genblk1.genblk1.genblk1.lut1.genblk1.genblk1.genblk1.genblk1.genblk1.genblk1.lut1.genblk1.genblk1.genblk1.genblk1.genblk1.lut0 (4 -> 1)
  Optimizing lut $auto$abc9_ops.cc:1550:reintegrate$1525.genblk1.genblk1.genblk1.genblk1.genblk1.genblk1.genblk1.lut1.genblk1.genblk1.genblk1.genblk1.genblk1.genblk1.lut0.genblk1.genblk1.genblk1.genblk1.genblk1.lut1 (4 -> 1)
  Optimizing lut $abc$1523$lut$aiger1522$123.genblk1.genblk1.genblk1.genblk1.genblk1.lut0 (4 -> 0)
  Optimizing lut $auto$abc9_ops.cc:1550:reintegrate$1525.genblk1.genblk1.genblk1.genblk1.genblk1.genblk1.genblk1.lut0.genblk1.genblk1.genblk1.genblk1.genblk1.genblk1.lut1.genblk1.genblk1.genblk1.genblk1.genblk1.lut1 (4 -> 1)
  Optimizing lut $abc$1523$lut$aiger1522$130.genblk1.genblk1.genblk1.genblk1.genblk1.genblk1.lut0.genblk1.genblk1.genblk1.genblk1.genblk1.lut1 (4 -> 0)
  Optimizing lut $abc$1523$lut$aiger1522$138.genblk1.genblk1.genblk1.genblk1.genblk1.genblk1.lut0.genblk1.genblk1.genblk1.genblk1.genblk1.lut1 (4 -> 0)
  Optimizing lut $auto$abc9_ops.cc:1550:reintegrate$1525.genblk1.genblk1.genblk1.genblk1.genblk1.genblk1.genblk1.lut0.genblk1.genblk1.genblk1.genblk1.genblk1.genblk1.lut0.genblk1.genblk1.genblk1.genblk1.genblk1.lut1 (4 -> 1)

2.26. Executing SETUNDEF pass (replace undef values with defined constants).

2.27. Executing HILOMAP pass (mapping to constant drivers).
Removed 0 unused cells and 81 unused wires.

2.28. Executing AUTONAME pass.
Renamed 570 objects in module top (21 iterations).
<suppressed ~161 debug messages>

2.29. Executing HIERARCHY pass (managing design hierarchy).

2.29.1. Analyzing design hierarchy..
Top module:  \top

2.29.2. Analyzing design hierarchy..
Top module:  \top
Removed 0 unused modules.

2.30. Printing statistics.

=== top ===

   Number of wires:                109
   Number of wire bits:            143
   Number of public wires:         109
   Number of public wire bits:     143
   Number of ports:                  2
   Number of port bits:              2
   Number of memories:               0
   Number of memory bits:            0
   Number of processes:              0
   Number of cells:                 94
     $scopeinfo                      7
     ALU                            21
     DFFR                           21
     DFFRE                           1
     DFFS                            2
     GND                             1
     IBUF                            1
     LUT1                           16
     LUT2                            3
     LUT4                            5
     MUX2_LUT5                       9
     MUX2_LUT6                       4
     MUX2_LUT7                       1
     TBUF                            1
     VCC                             1

2.31. Executing CHECK pass (checking for obvious problems).
Checking module top...
Found and reported 0 problems.

2.32. Executing JSON backend.

End of script. Logfile hash: 311e59449a, CPU: user 0.59s system 0.02s, MEM: 33.59 MB peak
Yosys 0.40+22 (git sha1 fa0c5c1d4, clang++ 14.0.0-1ubuntu1.1 -fPIC -Os)
Time spent: 24% 18x read_verilog (0 sec), 9% 18x opt_clean (0 sec), ...
